app/mapping.txt
# compiler: R8
# compiler_version: 2.2.71
# min_api: 21
# pg_map_id: c734bcd
# common_typos_disable
...
okhttp3.Cache$CacheResponseBody$1 -> 卫.孙$赵$赵:
    okhttp3.Cache$CacheResponseBody this$0 -> 许
    okio.Source $source -> 何
okhttp3.Cache$Companion -> 卫.孙$钱:
    okhttp3.Headers varyHeaders(okhttp3.Response) -> 吴
    okhttp3.Headers varyHeaders(okhttp3.Headers,okhttp3.Headers) -> 周
    int readInt$okhttp(okio.BufferedSource) -> 孙
    java.util.Set varyFields(okhttp3.Headers) -> 李
    boolean hasVaryAll(okhttp3.Response) -> 赵
    boolean varyMatches(okhttp3.Response,okhttp3.Headers,okhttp3.Request) -> 郑
    java.lang.String key(okhttp3.HttpUrl) -> 钱
okhttp3.Cache$Entry -> 卫.孙$孙:
    okhttp3.Headers responseHeaders -> 陈
    java.lang.String RECEIVED_MILLIS -> 钱
    okhttp3.Headers varyHeaders -> 周
    int code -> 王
    okhttp3.Cache$Entry$Companion Companion -> 孙
    okhttp3.Handshake handshake -> 褚
    long sentRequestMillis -> 卫
    long receivedResponseMillis -> 蒋
    okhttp3.Protocol protocol -> 郑
    java.lang.String requestMethod -> 吴
    java.lang.String url -> 李
    java.lang.String message -> 冯
    java.lang.String SENT_MILLIS -> 赵
    void writeTo(okhttp3.internal.cache.DiskLruCache$Editor) -> 吴
    void writeCertList(okio.BufferedSink,java.util.List) -> 周
    java.util.List readCertificateList(okio.BufferedSource) -> 孙
    okhttp3.Response response(okhttp3.internal.cache.DiskLruCache$Snapshot) -> 李
    boolean isHttps() -> 赵
    boolean matches(okhttp3.Request,okhttp3.Response) -> 钱
okhttp3.Cache$Entry$Companion -> 卫.孙$孙$赵:
okhttp3.Cache$RealCacheRequest -> 卫.孙$李:
    okhttp3.Cache this$0 -> 周
    okio.Sink cacheOut -> 赵
    boolean done -> 孙
    okio.Sink body -> 钱
    okhttp3.internal.cache.DiskLruCache$Editor editor -> 李
    void setDone(boolean) -> 周
    okhttp3.internal.cache.DiskLruCache$Editor access$getEditor$p(okhttp3.Cache$RealCacheRequest) -> 孙
    boolean getDone() -> 李
    okio.Sink body() -> 赵
    void abort() -> 钱
okhttp3.Cache$RealCacheRequest$1 -> 卫.孙$李$赵:
    okhttp3.Cache$RealCacheRequest this$0 -> 许
okhttp3.Cache$urls$1 -> 卫.孙$周:
    java.lang.String nextUrl -> 许
    okhttp3.Cache this$0 -> 吕
    boolean canRemove -> 何
    java.util.Iterator delegate -> 尤
    java.lang.String next() -> 赵
okhttp3.CacheControl -> 卫.李:
    boolean noStore -> 周
    okhttp3.CacheControl FORCE_NETWORK -> 赵
    int maxStaleSeconds -> 褚
    boolean noTransform -> 沈
    okhttp3.CacheControl FORCE_CACHE -> 钱
    int sMaxAgeSeconds -> 郑
    boolean mustRevalidate -> 陈
    int minFreshSeconds -> 卫
    int maxAgeSeconds -> 吴
    boolean immutable -> 韩
    boolean isPrivate -> 王
    okhttp3.CacheControl$Companion Companion -> 孙
    boolean onlyIfCached -> 蒋
    java.lang.String headerValue -> 杨
    boolean isPublic -> 冯
    boolean noCache -> 李
    boolean onlyIfCached() -> 何
    boolean -deprecated_onlyIfCached() -> 冯
    boolean isPrivate() -> 卫
    okhttp3.CacheControl parse(okhttp3.Headers) -> 吕
    boolean -deprecated_noCache() -> 吴
    boolean -deprecated_mustRevalidate() -> 周
    int -deprecated_maxStaleSeconds() -> 孙
    boolean noStore() -> 尤
    int sMaxAgeSeconds() -> 施
    boolean mustRevalidate() -> 朱
    int -deprecated_minFreshSeconds() -> 李
    int minFreshSeconds() -> 杨
    int maxAgeSeconds() -> 沈
    boolean -deprecated_noTransform() -> 王
    boolean noCache() -> 秦
    boolean isPublic() -> 蒋
    boolean immutable() -> 褚
    boolean noTransform() -> 许
    boolean -deprecated_immutable() -> 赵
    boolean -deprecated_noStore() -> 郑
    int -deprecated_maxAgeSeconds() -> 钱
    int -deprecated_sMaxAgeSeconds() -> 陈
    int maxStaleSeconds() -> 韩